<AstMulti>
    <AstVarDef>
        <AstIdentifier>xs</AstIdentifier>
        <AstNoop></AstNoop>
    </AstVarDef>
    <AstBlock>
        <AstError>Parakeet.CstFilter`1[Parakeet.Demos.CSharp.CstVarDecl] had no case statement</AstError>
        <AstLoop>
            <AstInvoke>
                <AstIntrinsic>
                    <AstIdentifier>MoveNext</AstIdentifier>
                </AstIntrinsic>
            </AstInvoke>
            <AstError>Parakeet.CstFilter`1[Parakeet.Demos.CSharp.CstStatement] had no case statement</AstError>
        </AstLoop>
    </AstBlock>
</AstMulti>
