<CstScript>
    <CstTypeDirectiveOrStatement>
        <CstTypeDeclarationWithPreamble>
            <CstDeclarationPreamble>
                <CstAttributeList>
                    <CstAttributeGroup>
                        <CstAttribute>
                            <CstIdentifier>Number</CstIdentifier>
                        </CstAttribute>
                    </CstAttributeGroup>
                </CstAttributeList>
            </CstDeclarationPreamble>
            <CstTypeDeclaration>
                <CstKind>class </CstKind>
                <CstIdentifier>Vector2</CstIdentifier>
                <CstTypeParameterList>
                </CstTypeParameterList>
                <CstBaseClassList>
                </CstBaseClassList>
                <CstConstraintList>
                </CstConstraintList>
                <CstAttributeList>
                </CstAttributeList>
                <CstDeclarationPreamble>
                </CstDeclarationPreamble>
                <CstMemberDeclaration>
                    <CstFieldDeclaration>
                        <CstCompoundOrSimpleTypeExpr>
                            <CstQualifiedIdentifier>
                                <CstIdentifier>double</CstIdentifier>
                            </CstQualifiedIdentifier>
                        </CstCompoundOrSimpleTypeExpr>
                        <CstArrayRankSpecifiers>
                        </CstArrayRankSpecifiers>
                        <CstTypeExpr>
                            <CstInnerTypeExpr>
                            </CstInnerTypeExpr>
                        </CstTypeExpr>
                        <CstIdentifier>X</CstIdentifier>
                        <CstInitialization>
                        </CstInitialization>
                    </CstFieldDeclaration>
                </CstMemberDeclaration>
                <CstAttributeList>
                </CstAttributeList>
                <CstDeclarationPreamble>
                </CstDeclarationPreamble>
                <CstMemberDeclaration>
                    <CstFieldDeclaration>
                        <CstCompoundOrSimpleTypeExpr>
                            <CstQualifiedIdentifier>
                                <CstIdentifier>double</CstIdentifier>
                            </CstQualifiedIdentifier>
                        </CstCompoundOrSimpleTypeExpr>
                        <CstArrayRankSpecifiers>
                        </CstArrayRankSpecifiers>
                        <CstTypeExpr>
                            <CstInnerTypeExpr>
                            </CstInnerTypeExpr>
                        </CstTypeExpr>
                        <CstIdentifier>Y</CstIdentifier>
                        <CstInitialization>
                        </CstInitialization>
                    </CstFieldDeclaration>
                </CstMemberDeclaration>
            </CstTypeDeclaration>
        </CstTypeDeclarationWithPreamble>
    </CstTypeDirectiveOrStatement>
    <CstTypeDirectiveOrStatement>
        <CstStatement>
            <CstVarDeclStatement>
                <CstVarDecl>
                    <CstCompoundOrSimpleTypeExpr>
                        <CstQualifiedIdentifier>
                            <CstIdentifier>var</CstIdentifier>
                        </CstQualifiedIdentifier>
                    </CstCompoundOrSimpleTypeExpr>
                    <CstArrayRankSpecifiers>
                    </CstArrayRankSpecifiers>
                    <CstTypeExpr>
                        <CstInnerTypeExpr>
                        </CstInnerTypeExpr>
                    </CstTypeExpr>
                    <CstIdentifier>v1</CstIdentifier>
                </CstVarDecl>
                <CstInitialization>
                    <CstInitializationValue>
                        <CstExpression>
                            <CstLeafExpression>
                                <CstNewOperation>
                                    <CstCompoundOrSimpleTypeExpr>
                                        <CstQualifiedIdentifier>
                                            <CstIdentifier>Vector2</CstIdentifier>
                                        </CstQualifiedIdentifier>
                                    </CstCompoundOrSimpleTypeExpr>
                                    <CstArrayRankSpecifiers>
                                    </CstArrayRankSpecifiers>
                                    <CstTypeExpr>
                                        <CstInnerTypeExpr>
                                        </CstInnerTypeExpr>
                                    </CstTypeExpr>
                                    <CstFunctionArgs>
                                        <CstFunctionArg>
                                            <CstExpression>
                                                <CstLeafExpression>
                                                    <CstLiteral>
                                                        <CstIntegerLiteral>3</CstIntegerLiteral>
                                                    </CstLiteral>
                                                </CstLeafExpression>
                                            </CstExpression>
                                        </CstFunctionArg>
                                        <CstFunctionArg>
                                            <CstExpression>
                                                <CstLeafExpression>
                                                    <CstLiteral>
                                                        <CstIntegerLiteral>4</CstIntegerLiteral>
                                                    </CstLiteral>
                                                </CstLeafExpression>
                                            </CstExpression>
                                        </CstFunctionArg>
                                    </CstFunctionArgs>
                                </CstNewOperation>
                            </CstLeafExpression>
                        </CstExpression>
                    </CstInitializationValue>
                </CstInitialization>
            </CstVarDeclStatement>
        </CstStatement>
    </CstTypeDirectiveOrStatement>
    <CstTypeDirectiveOrStatement>
        <CstStatement>
            <CstVarDeclStatement>
                <CstVarDecl>
                    <CstCompoundOrSimpleTypeExpr>
                        <CstQualifiedIdentifier>
                            <CstIdentifier>var</CstIdentifier>
                        </CstQualifiedIdentifier>
                    </CstCompoundOrSimpleTypeExpr>
                    <CstArrayRankSpecifiers>
                    </CstArrayRankSpecifiers>
                    <CstTypeExpr>
                        <CstInnerTypeExpr>
                        </CstInnerTypeExpr>
                    </CstTypeExpr>
                    <CstIdentifier>v2</CstIdentifier>
                </CstVarDecl>
                <CstInitialization>
                    <CstInitializationValue>
                        <CstExpression>
                            <CstLeafExpression>
                                <CstNewOperation>
                                    <CstCompoundOrSimpleTypeExpr>
                                        <CstQualifiedIdentifier>
                                            <CstIdentifier>Vector2</CstIdentifier>
                                        </CstQualifiedIdentifier>
                                    </CstCompoundOrSimpleTypeExpr>
                                    <CstArrayRankSpecifiers>
                                    </CstArrayRankSpecifiers>
                                    <CstTypeExpr>
                                        <CstInnerTypeExpr>
                                        </CstInnerTypeExpr>
                                    </CstTypeExpr>
                                    <CstFunctionArgs>
                                        <CstFunctionArg>
                                            <CstExpression>
                                                <CstLeafExpression>
                                                    <CstLiteral>
                                                        <CstIntegerLiteral>1</CstIntegerLiteral>
                                                    </CstLiteral>
                                                </CstLeafExpression>
                                            </CstExpression>
                                        </CstFunctionArg>
                                        <CstFunctionArg>
                                            <CstExpression>
                                                <CstLeafExpression>
                                                    <CstLiteral>
                                                        <CstIntegerLiteral>2</CstIntegerLiteral>
                                                    </CstLiteral>
                                                </CstLeafExpression>
                                            </CstExpression>
                                        </CstFunctionArg>
                                    </CstFunctionArgs>
                                </CstNewOperation>
                            </CstLeafExpression>
                        </CstExpression>
                    </CstInitializationValue>
                </CstInitialization>
            </CstVarDeclStatement>
        </CstStatement>
    </CstTypeDirectiveOrStatement>
    <CstTypeDirectiveOrStatement>
        <CstStatement>
            <CstVarDeclStatement>
                <CstVarDecl>
                    <CstCompoundOrSimpleTypeExpr>
                        <CstQualifiedIdentifier>
                            <CstIdentifier>var</CstIdentifier>
                        </CstQualifiedIdentifier>
                    </CstCompoundOrSimpleTypeExpr>
                    <CstArrayRankSpecifiers>
                    </CstArrayRankSpecifiers>
                    <CstTypeExpr>
                        <CstInnerTypeExpr>
                        </CstInnerTypeExpr>
                    </CstTypeExpr>
                    <CstIdentifier>x</CstIdentifier>
                </CstVarDecl>
                <CstInitialization>
                    <CstInitializationValue>
                        <CstExpression>
                            <CstLeafExpression>
                                <CstIdentifier>v1</CstIdentifier>
                            </CstLeafExpression>
                            <CstPostfixOperator>
                                <CstMemberAccess>
                                    <CstIdentifier>X</CstIdentifier>
                                </CstMemberAccess>
                            </CstPostfixOperator>
                            <CstPostfixOperator>
                                <CstBinaryOperation>
                                    <CstBinaryOperator>+ </CstBinaryOperator>
                                    <CstExpression>
                                        <CstLeafExpression>
                                            <CstIdentifier>v2</CstIdentifier>
                                        </CstLeafExpression>
                                        <CstPostfixOperator>
                                            <CstMemberAccess>
                                                <CstIdentifier>X</CstIdentifier>
                                            </CstMemberAccess>
                                        </CstPostfixOperator>
                                    </CstExpression>
                                </CstBinaryOperation>
                            </CstPostfixOperator>
                        </CstExpression>
                    </CstInitializationValue>
                </CstInitialization>
            </CstVarDeclStatement>
        </CstStatement>
    </CstTypeDirectiveOrStatement>
    <CstTypeDirectiveOrStatement>
        <CstStatement>
            <CstVarDeclStatement>
                <CstVarDecl>
                    <CstCompoundOrSimpleTypeExpr>
                        <CstQualifiedIdentifier>
                            <CstIdentifier>var</CstIdentifier>
                        </CstQualifiedIdentifier>
                    </CstCompoundOrSimpleTypeExpr>
                    <CstArrayRankSpecifiers>
                    </CstArrayRankSpecifiers>
                    <CstTypeExpr>
                        <CstInnerTypeExpr>
                        </CstInnerTypeExpr>
                    </CstTypeExpr>
                    <CstIdentifier>y</CstIdentifier>
                </CstVarDecl>
                <CstInitialization>
                    <CstInitializationValue>
                        <CstExpression>
                            <CstLeafExpression>
                                <CstIdentifier>v1</CstIdentifier>
                            </CstLeafExpression>
                            <CstPostfixOperator>
                                <CstMemberAccess>
                                    <CstIdentifier>Y</CstIdentifier>
                                </CstMemberAccess>
                            </CstPostfixOperator>
                            <CstPostfixOperator>
                                <CstBinaryOperation>
                                    <CstBinaryOperator>+ </CstBinaryOperator>
                                    <CstExpression>
                                        <CstLeafExpression>
                                            <CstIdentifier>v2</CstIdentifier>
                                        </CstLeafExpression>
                                        <CstPostfixOperator>
                                            <CstMemberAccess>
                                                <CstIdentifier>Y</CstIdentifier>
                                            </CstMemberAccess>
                                        </CstPostfixOperator>
                                    </CstExpression>
                                </CstBinaryOperation>
                            </CstPostfixOperator>
                        </CstExpression>
                    </CstInitializationValue>
                </CstInitialization>
            </CstVarDeclStatement>
        </CstStatement>
    </CstTypeDirectiveOrStatement>
    <CstTypeDirectiveOrStatement>
        <CstStatement>
            <CstVarDeclStatement>
                <CstVarDecl>
                    <CstCompoundOrSimpleTypeExpr>
                        <CstQualifiedIdentifier>
                            <CstIdentifier>var</CstIdentifier>
                        </CstQualifiedIdentifier>
                    </CstCompoundOrSimpleTypeExpr>
                    <CstArrayRankSpecifiers>
                    </CstArrayRankSpecifiers>
                    <CstTypeExpr>
                        <CstInnerTypeExpr>
                        </CstInnerTypeExpr>
                    </CstTypeExpr>
                    <CstIdentifier>mag</CstIdentifier>
                </CstVarDecl>
                <CstInitialization>
                    <CstInitializationValue>
                        <CstExpression>
                            <CstLeafExpression>
                                <CstIdentifier>Sqrt</CstIdentifier>
                            </CstLeafExpression>
                            <CstPostfixOperator>
                                <CstFunctionArgs>
                                    <CstFunctionArg>
                                        <CstExpression>
                                            <CstLeafExpression>
                                                <CstIdentifier>x</CstIdentifier>
                                            </CstLeafExpression>
                                            <CstPostfixOperator>
                                                <CstBinaryOperation>
                                                    <CstBinaryOperator>* </CstBinaryOperator>
                                                    <CstExpression>
                                                        <CstLeafExpression>
                                                            <CstIdentifier>x</CstIdentifier>
                                                        </CstLeafExpression>
                                                        <CstPostfixOperator>
                                                            <CstBinaryOperation>
                                                                <CstBinaryOperator>+ </CstBinaryOperator>
                                                                <CstExpression>
                                                                    <CstLeafExpression>
                                                                        <CstIdentifier>y</CstIdentifier>
                                                                    </CstLeafExpression>
                                                                    <CstPostfixOperator>
                                                                        <CstBinaryOperation>
                                                                            <CstBinaryOperator>* </CstBinaryOperator>
                                                                            <CstExpression>
                                                                                <CstLeafExpression>
                                                                                    <CstIdentifier>y</CstIdentifier>
                                                                                </CstLeafExpression>
                                                                            </CstExpression>
                                                                        </CstBinaryOperation>
                                                                    </CstPostfixOperator>
                                                                </CstExpression>
                                                            </CstBinaryOperation>
                                                        </CstPostfixOperator>
                                                    </CstExpression>
                                                </CstBinaryOperation>
                                            </CstPostfixOperator>
                                        </CstExpression>
                                    </CstFunctionArg>
                                </CstFunctionArgs>
                            </CstPostfixOperator>
                        </CstExpression>
                    </CstInitializationValue>
                </CstInitialization>
            </CstVarDeclStatement>
        </CstStatement>
    </CstTypeDirectiveOrStatement>
    <CstTypeDirectiveOrStatement>
        <CstStatement>
            <CstExpressionStatement>
                <CstExpression>
                    <CstLeafExpression>
                        <CstIdentifier>Print</CstIdentifier>
                    </CstLeafExpression>
                    <CstPostfixOperator>
                        <CstFunctionArgs>
                            <CstFunctionArg>
                                <CstExpression>
                                    <CstLeafExpression>
                                        <CstIdentifier>mag</CstIdentifier>
                                    </CstLeafExpression>
                                    <CstPostfixOperator>
                                        <CstMemberAccess>
                                            <CstIdentifier>ToString</CstIdentifier>
                                        </CstMemberAccess>
                                    </CstPostfixOperator>
                                    <CstPostfixOperator>
                                        <CstFunctionArgs>
                                        </CstFunctionArgs>
                                    </CstPostfixOperator>
                                </CstExpression>
                            </CstFunctionArg>
                        </CstFunctionArgs>
                    </CstPostfixOperator>
                </CstExpression>
            </CstExpressionStatement>
        </CstStatement>
    </CstTypeDirectiveOrStatement>
</CstScript>
