<CstScript>
    <CstTypeDirectiveOrStatement>
        <CstStatement>
            <CstVarDeclStatement>
                <CstVarDecl>
                    <CstCompoundOrSimpleTypeExpr>
                        <CstQualifiedIdentifier>
                            <CstIdentifier>var</CstIdentifier>
                        </CstQualifiedIdentifier>
                    </CstCompoundOrSimpleTypeExpr>
                    <CstArrayRankSpecifiers>
                    </CstArrayRankSpecifiers>
                    <CstTypeExpr>
                        <CstInnerTypeExpr>
                        </CstInnerTypeExpr>
                    </CstTypeExpr>
                    <CstIdentifier>xs</CstIdentifier>
                </CstVarDecl>
                <CstInitialization>
                    <CstInitializationValue>
                        <CstExpression>
                            <CstLeafExpression>
                                <CstNewOperation>
                                    <CstQualifiedIdentifier>
                                    </CstQualifiedIdentifier>
                                    <CstCompoundOrSimpleTypeExpr>
                                    </CstCompoundOrSimpleTypeExpr>
                                    <CstTypeExpr>
                                        <CstInnerTypeExpr>
                                            <CstArrayRankSpecifiers>
                                                <CstArrayRankSpecifier>[] </CstArrayRankSpecifier>
                                            </CstArrayRankSpecifiers>
                                        </CstInnerTypeExpr>
                                    </CstTypeExpr>
                                    <CstInitializer>
                                        <CstInitializerClause>
                                            <CstExpression>
                                                <CstLeafExpression>
                                                    <CstLiteral>
                                                        <CstIntegerLiteral>5</CstIntegerLiteral>
                                                    </CstLiteral>
                                                </CstLeafExpression>
                                            </CstExpression>
                                        </CstInitializerClause>
                                        <CstInitializerClause>
                                            <CstExpression>
                                                <CstLeafExpression>
                                                    <CstLiteral>
                                                        <CstIntegerLiteral>3</CstIntegerLiteral>
                                                    </CstLiteral>
                                                </CstLeafExpression>
                                            </CstExpression>
                                        </CstInitializerClause>
                                        <CstInitializerClause>
                                            <CstExpression>
                                                <CstLeafExpression>
                                                    <CstLiteral>
                                                        <CstIntegerLiteral>1</CstIntegerLiteral>
                                                    </CstLiteral>
                                                </CstLeafExpression>
                                            </CstExpression>
                                        </CstInitializerClause>
                                    </CstInitializer>
                                </CstNewOperation>
                            </CstLeafExpression>
                        </CstExpression>
                    </CstInitializationValue>
                </CstInitialization>
            </CstVarDeclStatement>
        </CstStatement>
    </CstTypeDirectiveOrStatement>
    <CstTypeDirectiveOrStatement>
        <CstStatement>
            <CstForEachStatement>
                <CstVarDecl>
                    <CstCompoundOrSimpleTypeExpr>
                        <CstQualifiedIdentifier>
                            <CstIdentifier>var</CstIdentifier>
                        </CstQualifiedIdentifier>
                    </CstCompoundOrSimpleTypeExpr>
                    <CstArrayRankSpecifiers>
                    </CstArrayRankSpecifiers>
                    <CstTypeExpr>
                        <CstInnerTypeExpr>
                        </CstInnerTypeExpr>
                    </CstTypeExpr>
                    <CstIdentifier>x</CstIdentifier>
                </CstVarDecl>
                <CstExpression>
                    <CstLeafExpression>
                        <CstIdentifier>xs</CstIdentifier>
                    </CstLeafExpression>
                </CstExpression>
                <CstStatement>
                    <CstCompoundStatement>
                        <CstStatement>
                            <CstExpressionStatement>
                                <CstExpression>
                                    <CstLeafExpression>
                                        <CstIdentifier>Print</CstIdentifier>
                                    </CstLeafExpression>
                                    <CstPostfixOperator>
                                        <CstFunctionArgs>
                                            <CstFunctionArg>
                                                <CstExpression>
                                                    <CstLeafExpression>
                                                        <CstIdentifier>x</CstIdentifier>
                                                    </CstLeafExpression>
                                                    <CstPostfixOperator>
                                                        <CstMemberAccess>
                                                            <CstIdentifier>ToString</CstIdentifier>
                                                        </CstMemberAccess>
                                                    </CstPostfixOperator>
                                                    <CstPostfixOperator>
                                                        <CstFunctionArgs>
                                                        </CstFunctionArgs>
                                                    </CstPostfixOperator>
                                                </CstExpression>
                                            </CstFunctionArg>
                                        </CstFunctionArgs>
                                    </CstPostfixOperator>
                                </CstExpression>
                            </CstExpressionStatement>
                        </CstStatement>
                    </CstCompoundStatement>
                </CstStatement>
            </CstForEachStatement>
        </CstStatement>
    </CstTypeDirectiveOrStatement>
</CstScript>
