<CstScript>
    <CstTypeDirectiveOrStatement>
        <CstStatement>
            <CstVarDeclStatement>
                <CstVarDecl>
                    <CstCompoundOrSimpleTypeExpr>
                        <CstQualifiedIdentifier>
                            <CstIdentifier>var</CstIdentifier>
                        </CstQualifiedIdentifier>
                    </CstCompoundOrSimpleTypeExpr>
                    <CstArrayRankSpecifiers>
                    </CstArrayRankSpecifiers>
                    <CstTypeExpr>
                        <CstInnerTypeExpr>
                        </CstInnerTypeExpr>
                    </CstTypeExpr>
                    <CstIdentifier>X</CstIdentifier>
                </CstVarDecl>
                <CstInitialization>
                    <CstInitializationValue>
                        <CstExpression>
                            <CstLeafExpression>
                                <CstLiteral>
                                    <CstIntegerLiteral>0</CstIntegerLiteral>
                                </CstLiteral>
                            </CstLeafExpression>
                        </CstExpression>
                    </CstInitializationValue>
                </CstInitialization>
            </CstVarDeclStatement>
        </CstStatement>
    </CstTypeDirectiveOrStatement>
    <CstTypeDirectiveOrStatement>
        <CstStatement>
            <CstWhileStatement>
                <CstParenthesizedExpression>
                    <CstExpression>
                        <CstLeafExpression>
                            <CstIdentifier>X</CstIdentifier>
                        </CstLeafExpression>
                        <CstPostfixOperator>
                            <CstBinaryOperation>
                                <CstBinaryOperator>< </CstBinaryOperator>
                                <CstExpression>
                                    <CstLeafExpression>
                                        <CstLiteral>
                                            <CstIntegerLiteral>10</CstIntegerLiteral>
                                        </CstLiteral>
                                    </CstLeafExpression>
                                </CstExpression>
                            </CstBinaryOperation>
                        </CstPostfixOperator>
                    </CstExpression>
                </CstParenthesizedExpression>
                <CstStatement>
                    <CstCompoundStatement>
                        <CstStatement>
                            <CstIfStatement>
                                <CstParenthesizedExpression>
                                    <CstExpression>
                                        <CstLeafExpression>
                                            <CstIdentifier>X</CstIdentifier>
                                        </CstLeafExpression>
                                        <CstPostfixOperator>
                                        </CstPostfixOperator>
                                        <CstPostfixOperator>
                                            <CstBinaryOperation>
                                                <CstBinaryOperator>== </CstBinaryOperator>
                                                <CstExpression>
                                                    <CstLeafExpression>
                                                        <CstLiteral>
                                                            <CstIntegerLiteral>4</CstIntegerLiteral>
                                                        </CstLiteral>
                                                    </CstLeafExpression>
                                                </CstExpression>
                                            </CstBinaryOperation>
                                        </CstPostfixOperator>
                                    </CstExpression>
                                </CstParenthesizedExpression>
                                <CstStatement>
                                    <CstCompoundStatement>
                                        <CstStatement>
                                            <CstExpressionStatement>
                                                <CstExpression>
                                                    <CstLeafExpression>
                                                        <CstIdentifier>Print</CstIdentifier>
                                                    </CstLeafExpression>
                                                    <CstPostfixOperator>
                                                        <CstFunctionArgs>
                                                            <CstFunctionArg>
                                                                <CstExpression>
                                                                    <CstLeafExpression>
                                                                        <CstLiteral>
                                                                            <CstStringLiteral>"Halfway there"</CstStringLiteral>
                                                                        </CstLiteral>
                                                                    </CstLeafExpression>
                                                                </CstExpression>
                                                            </CstFunctionArg>
                                                        </CstFunctionArgs>
                                                    </CstPostfixOperator>
                                                </CstExpression>
                                            </CstExpressionStatement>
                                        </CstStatement>
                                    </CstCompoundStatement>
                                </CstStatement>
                            </CstIfStatement>
                        </CstStatement>
                        <CstStatement>
                            <CstIfStatement>
                                <CstParenthesizedExpression>
                                    <CstExpression>
                                        <CstLeafExpression>
                                            <CstIdentifier>X</CstIdentifier>
                                        </CstLeafExpression>
                                        <CstPostfixOperator>
                                            <CstBinaryOperation>
                                                <CstBinaryOperator>== </CstBinaryOperator>
                                                <CstExpression>
                                                    <CstLeafExpression>
                                                        <CstLiteral>
                                                            <CstIntegerLiteral>3</CstIntegerLiteral>
                                                        </CstLiteral>
                                                    </CstLeafExpression>
                                                </CstExpression>
                                            </CstBinaryOperation>
                                        </CstPostfixOperator>
                                    </CstExpression>
                                </CstParenthesizedExpression>
                                <CstStatement>
                                    <CstCompoundStatement>
                                        <CstStatement>
                                            <CstContinueStatement>continue;
	</CstContinueStatement>
                                        </CstStatement>
                                    </CstCompoundStatement>
                                </CstStatement>
                            </CstIfStatement>
                        </CstStatement>
                        <CstStatement>
                            <CstIfStatement>
                                <CstParenthesizedExpression>
                                    <CstExpression>
                                        <CstLeafExpression>
                                            <CstIdentifier>X</CstIdentifier>
                                        </CstLeafExpression>
                                        <CstPostfixOperator>
                                            <CstBinaryOperation>
                                                <CstBinaryOperator>== </CstBinaryOperator>
                                                <CstExpression>
                                                    <CstLeafExpression>
                                                        <CstLiteral>
                                                            <CstIntegerLiteral>9</CstIntegerLiteral>
                                                        </CstLiteral>
                                                    </CstLeafExpression>
                                                </CstExpression>
                                            </CstBinaryOperation>
                                        </CstPostfixOperator>
                                    </CstExpression>
                                </CstParenthesizedExpression>
                                <CstStatement>
                                    <CstCompoundStatement>
                                        <CstStatement>
                                            <CstBreakStatement>break;
	</CstBreakStatement>
                                        </CstStatement>
                                    </CstCompoundStatement>
                                </CstStatement>
                            </CstIfStatement>
                        </CstStatement>
                        <CstStatement>
                            <CstExpressionStatement>
                                <CstExpression>
                                    <CstLeafExpression>
                                        <CstIdentifier>Print</CstIdentifier>
                                    </CstLeafExpression>
                                    <CstPostfixOperator>
                                        <CstFunctionArgs>
                                            <CstFunctionArg>
                                                <CstExpression>
                                                    <CstLeafExpression>
                                                        <CstLiteral>
                                                            <CstStringLiteral>"On iteration "</CstStringLiteral>
                                                        </CstLiteral>
                                                    </CstLeafExpression>
                                                    <CstPostfixOperator>
                                                        <CstBinaryOperation>
                                                            <CstBinaryOperator>+ </CstBinaryOperator>
                                                            <CstExpression>
                                                                <CstLeafExpression>
                                                                    <CstIdentifier>X</CstIdentifier>
                                                                </CstLeafExpression>
                                                                <CstPostfixOperator>
                                                                    <CstMemberAccess>
                                                                        <CstIdentifier>ToString</CstIdentifier>
                                                                    </CstMemberAccess>
                                                                </CstPostfixOperator>
                                                                <CstPostfixOperator>
                                                                    <CstFunctionArgs>
                                                                    </CstFunctionArgs>
                                                                </CstPostfixOperator>
                                                            </CstExpression>
                                                        </CstBinaryOperation>
                                                    </CstPostfixOperator>
                                                </CstExpression>
                                            </CstFunctionArg>
                                        </CstFunctionArgs>
                                    </CstPostfixOperator>
                                </CstExpression>
                            </CstExpressionStatement>
                        </CstStatement>
                    </CstCompoundStatement>
                </CstStatement>
            </CstWhileStatement>
        </CstStatement>
    </CstTypeDirectiveOrStatement>
</CstScript>
