<AstMulti>
    <AstError>Parakeet.Demos.CSharp.CstFunctionDeclStatement had no case statement</AstError>
    <AstVarDef>
        <AstIdentifier>X</AstIdentifier>
        <AstNoop></AstNoop>
    </AstVarDef>
    <AstVarDef>
        <AstIdentifier>y</AstIdentifier>
        <AstNoop></AstNoop>
    </AstVarDef>
    <AstError>Parakeet.CstFilter`1[Parakeet.Demos.CSharp.CstExpression] had no case statement</AstError>
</AstMulti>
