<AstMulti>
    <AstError>Parakeet.Demos.CSharp.CstTypeDeclarationWithPreamble is not implemented</AstError>
    <AstVarDef>
        <AstIdentifier>v1</AstIdentifier>
        <AstNoop></AstNoop>
    </AstVarDef>
    <AstVarDef>
        <AstIdentifier>v2</AstIdentifier>
        <AstNoop></AstNoop>
    </AstVarDef>
    <AstVarDef>
        <AstIdentifier>X</AstIdentifier>
        <AstNoop></AstNoop>
    </AstVarDef>
    <AstVarDef>
        <AstIdentifier>y</AstIdentifier>
        <AstNoop></AstNoop>
    </AstVarDef>
    <AstVarDef>
        <AstIdentifier>mag</AstIdentifier>
        <AstNoop></AstNoop>
    </AstVarDef>
    <AstError>Parakeet.CstFilter`1[Parakeet.Demos.CSharp.CstExpression] had no case statement</AstError>
</AstMulti>
