<CstScript>
    <CstTypeDirectiveOrStatement>
        <CstStatement>
            <CstFunctionDeclStatement>
                <CstMethodDeclaration>
                    <CstCompoundOrSimpleTypeExpr>
                        <CstQualifiedIdentifier>
                            <CstIdentifier>int</CstIdentifier>
                        </CstQualifiedIdentifier>
                    </CstCompoundOrSimpleTypeExpr>
                    <CstArrayRankSpecifiers>
                    </CstArrayRankSpecifiers>
                    <CstTypeExpr>
                        <CstInnerTypeExpr>
                        </CstInnerTypeExpr>
                    </CstTypeExpr>
                    <CstIdentifier>Add</CstIdentifier>
                    <CstFunctionParameterList>
                        <CstAttributeList>
                        </CstAttributeList>
                        <CstFunctionParameterKeywords></CstFunctionParameterKeywords>
                        <CstCompoundOrSimpleTypeExpr>
                            <CstQualifiedIdentifier>
                                <CstIdentifier>int</CstIdentifier>
                            </CstQualifiedIdentifier>
                        </CstCompoundOrSimpleTypeExpr>
                        <CstArrayRankSpecifiers>
                        </CstArrayRankSpecifiers>
                        <CstTypeExpr>
                            <CstInnerTypeExpr>
                            </CstInnerTypeExpr>
                        </CstTypeExpr>
                        <CstIdentifier>X</CstIdentifier>
                        <CstFunctionParameterDefaultValue>
                        </CstFunctionParameterDefaultValue>
                        <CstFunctionParameter>
                        </CstFunctionParameter>
                        <CstAttributeList>
                        </CstAttributeList>
                        <CstFunctionParameterKeywords></CstFunctionParameterKeywords>
                        <CstCompoundOrSimpleTypeExpr>
                            <CstQualifiedIdentifier>
                                <CstIdentifier>int</CstIdentifier>
                            </CstQualifiedIdentifier>
                        </CstCompoundOrSimpleTypeExpr>
                        <CstArrayRankSpecifiers>
                        </CstArrayRankSpecifiers>
                        <CstTypeExpr>
                            <CstInnerTypeExpr>
                            </CstInnerTypeExpr>
                        </CstTypeExpr>
                        <CstIdentifier>y</CstIdentifier>
                        <CstFunctionParameterDefaultValue>
                        </CstFunctionParameterDefaultValue>
                        <CstFunctionParameter>
                        </CstFunctionParameter>
                    </CstFunctionParameterList>
                    <CstFunctionBody>
                        <CstCompoundStatement>
                            <CstStatement>
                                <CstReturnStatement>
                                    <CstExpression>
                                        <CstLeafExpression>
                                            <CstIdentifier>X</CstIdentifier>
                                        </CstLeafExpression>
                                        <CstPostfixOperator>
                                            <CstBinaryOperation>
                                                <CstBinaryOperator>+ </CstBinaryOperator>
                                                <CstExpression>
                                                    <CstLeafExpression>
                                                        <CstIdentifier>y</CstIdentifier>
                                                    </CstLeafExpression>
                                                </CstExpression>
                                            </CstBinaryOperation>
                                        </CstPostfixOperator>
                                    </CstExpression>
                                </CstReturnStatement>
                            </CstStatement>
                        </CstCompoundStatement>
                    </CstFunctionBody>
                </CstMethodDeclaration>
            </CstFunctionDeclStatement>
        </CstStatement>
    </CstTypeDirectiveOrStatement>
    <CstTypeDirectiveOrStatement>
        <CstStatement>
            <CstVarDeclStatement>
                <CstVarDecl>
                    <CstCompoundOrSimpleTypeExpr>
                        <CstQualifiedIdentifier>
                            <CstIdentifier>var</CstIdentifier>
                        </CstQualifiedIdentifier>
                    </CstCompoundOrSimpleTypeExpr>
                    <CstArrayRankSpecifiers>
                    </CstArrayRankSpecifiers>
                    <CstTypeExpr>
                        <CstInnerTypeExpr>
                        </CstInnerTypeExpr>
                    </CstTypeExpr>
                    <CstIdentifier>X</CstIdentifier>
                </CstVarDecl>
                <CstInitialization>
                    <CstInitializationValue>
                        <CstExpression>
                            <CstLeafExpression>
                                <CstLiteral>
                                    <CstIntegerLiteral>3</CstIntegerLiteral>
                                </CstLiteral>
                            </CstLeafExpression>
                        </CstExpression>
                    </CstInitializationValue>
                </CstInitialization>
            </CstVarDeclStatement>
        </CstStatement>
    </CstTypeDirectiveOrStatement>
    <CstTypeDirectiveOrStatement>
        <CstStatement>
            <CstVarDeclStatement>
                <CstVarDecl>
                    <CstCompoundOrSimpleTypeExpr>
                        <CstQualifiedIdentifier>
                            <CstIdentifier>var</CstIdentifier>
                        </CstQualifiedIdentifier>
                    </CstCompoundOrSimpleTypeExpr>
                    <CstArrayRankSpecifiers>
                    </CstArrayRankSpecifiers>
                    <CstTypeExpr>
                        <CstInnerTypeExpr>
                        </CstInnerTypeExpr>
                    </CstTypeExpr>
                    <CstIdentifier>y</CstIdentifier>
                </CstVarDecl>
                <CstInitialization>
                    <CstInitializationValue>
                        <CstExpression>
                            <CstLeafExpression>
                                <CstLiteral>
                                    <CstIntegerLiteral>4</CstIntegerLiteral>
                                </CstLiteral>
                            </CstLeafExpression>
                        </CstExpression>
                    </CstInitializationValue>
                </CstInitialization>
            </CstVarDeclStatement>
        </CstStatement>
    </CstTypeDirectiveOrStatement>
    <CstTypeDirectiveOrStatement>
        <CstStatement>
            <CstExpressionStatement>
                <CstExpression>
                    <CstLeafExpression>
                        <CstIdentifier>Print</CstIdentifier>
                    </CstLeafExpression>
                    <CstPostfixOperator>
                        <CstFunctionArgs>
                            <CstFunctionArg>
                                <CstExpression>
                                    <CstLeafExpression>
                                        <CstStringInterpolation>
                                            <CstStringInterpolationContent>
                                                <CstExpression>
                                                    <CstLeafExpression>
                                                        <CstIdentifier>X</CstIdentifier>
                                                    </CstLeafExpression>
                                                </CstExpression>
                                            </CstStringInterpolationContent>
                                            <CstStringInterpolationContent>
                                            </CstStringInterpolationContent>
                                            <CstStringInterpolationContent>
                                                <CstExpression>
                                                    <CstLeafExpression>
                                                        <CstIdentifier>y</CstIdentifier>
                                                    </CstLeafExpression>
                                                </CstExpression>
                                            </CstStringInterpolationContent>
                                            <CstStringInterpolationContent>
                                            </CstStringInterpolationContent>
                                            <CstStringInterpolationContent>
                                                <CstExpression>
                                                    <CstLeafExpression>
                                                        <CstIdentifier>Add</CstIdentifier>
                                                    </CstLeafExpression>
                                                    <CstPostfixOperator>
                                                        <CstFunctionArgs>
                                                            <CstFunctionArg>
                                                                <CstExpression>
                                                                    <CstLeafExpression>
                                                                        <CstIdentifier>X</CstIdentifier>
                                                                    </CstLeafExpression>
                                                                </CstExpression>
                                                            </CstFunctionArg>
                                                            <CstFunctionArg>
                                                                <CstExpression>
                                                                    <CstLeafExpression>
                                                                        <CstIdentifier>y</CstIdentifier>
                                                                    </CstLeafExpression>
                                                                </CstExpression>
                                                            </CstFunctionArg>
                                                        </CstFunctionArgs>
                                                    </CstPostfixOperator>
                                                </CstExpression>
                                            </CstStringInterpolationContent>
                                        </CstStringInterpolation>
                                    </CstLeafExpression>
                                </CstExpression>
                            </CstFunctionArg>
                        </CstFunctionArgs>
                    </CstPostfixOperator>
                </CstExpression>
            </CstExpressionStatement>
        </CstStatement>
    </CstTypeDirectiveOrStatement>
</CstScript>
