<AstMulti>
    <AstVarDef>
        <AstIdentifier>X</AstIdentifier>
        <AstNoop></AstNoop>
    </AstVarDef>
    <AstLoop>
        <AstError>Parakeet.CstFilter`1[Parakeet.Demos.CSharp.CstParenthesizedExpression] had no case statement</AstError>
        <AstError>Parakeet.CstFilter`1[Parakeet.Demos.CSharp.CstStatement] had no case statement</AstError>
    </AstLoop>
</AstMulti>
