<CstScript>
    <CstTypeDirectiveOrStatement>
        <CstStatement>
            <CstExpressionStatement>
                <CstExpression>
                    <CstLeafExpression>
                        <CstIdentifier>Print</CstIdentifier>
                    </CstLeafExpression>
                    <CstPostfixOperator>
                        <CstFunctionArgs>
                            <CstFunctionArg>
                                <CstExpression>
                                    <CstLeafExpression>
                                        <CstLiteral>
                                            <CstStringLiteral>"What is your name?"</CstStringLiteral>
                                        </CstLiteral>
                                    </CstLeafExpression>
                                </CstExpression>
                            </CstFunctionArg>
                        </CstFunctionArgs>
                    </CstPostfixOperator>
                </CstExpression>
            </CstExpressionStatement>
        </CstStatement>
    </CstTypeDirectiveOrStatement>
    <CstTypeDirectiveOrStatement>
        <CstStatement>
            <CstVarDeclStatement>
                <CstVarDecl>
                    <CstCompoundOrSimpleTypeExpr>
                        <CstQualifiedIdentifier>
                            <CstIdentifier>var</CstIdentifier>
                        </CstQualifiedIdentifier>
                    </CstCompoundOrSimpleTypeExpr>
                    <CstArrayRankSpecifiers>
                    </CstArrayRankSpecifiers>
                    <CstTypeExpr>
                        <CstInnerTypeExpr>
                        </CstInnerTypeExpr>
                    </CstTypeExpr>
                    <CstIdentifier>name</CstIdentifier>
                </CstVarDecl>
                <CstInitialization>
                    <CstInitializationValue>
                        <CstExpression>
                            <CstLeafExpression>
                                <CstIdentifier>ReadLine</CstIdentifier>
                            </CstLeafExpression>
                            <CstPostfixOperator>
                                <CstFunctionArgs>
                                </CstFunctionArgs>
                            </CstPostfixOperator>
                        </CstExpression>
                    </CstInitializationValue>
                </CstInitialization>
            </CstVarDeclStatement>
        </CstStatement>
    </CstTypeDirectiveOrStatement>
    <CstTypeDirectiveOrStatement>
        <CstStatement>
            <CstExpressionStatement>
                <CstExpression>
                    <CstLeafExpression>
                        <CstIdentifier>Print</CstIdentifier>
                    </CstLeafExpression>
                    <CstPostfixOperator>
                        <CstFunctionArgs>
                            <CstFunctionArg>
                                <CstExpression>
                                    <CstLeafExpression>
                                        <CstLiteral>
                                            <CstStringLiteral>"Pleased to meet you "</CstStringLiteral>
                                        </CstLiteral>
                                    </CstLeafExpression>
                                    <CstPostfixOperator>
                                        <CstBinaryOperation>
                                            <CstBinaryOperator>+ </CstBinaryOperator>
                                            <CstExpression>
                                                <CstLeafExpression>
                                                    <CstIdentifier>name</CstIdentifier>
                                                </CstLeafExpression>
                                                <CstPostfixOperator>
                                                    <CstBinaryOperation>
                                                        <CstBinaryOperator>+ </CstBinaryOperator>
                                                        <CstExpression>
                                                            <CstLeafExpression>
                                                                <CstLiteral>
                                                                    <CstStringLiteral>"!"</CstStringLiteral>
                                                                </CstLiteral>
                                                            </CstLeafExpression>
                                                        </CstExpression>
                                                    </CstBinaryOperation>
                                                </CstPostfixOperator>
                                            </CstExpression>
                                        </CstBinaryOperation>
                                    </CstPostfixOperator>
                                </CstExpression>
                            </CstFunctionArg>
                        </CstFunctionArgs>
                    </CstPostfixOperator>
                </CstExpression>
            </CstExpressionStatement>
        </CstStatement>
    </CstTypeDirectiveOrStatement>
</CstScript>
