<CstScript>
    <CstTypeDirectiveOrStatement>
        <CstStatement>
            <CstVarDeclStatement>
                <CstVarDecl>
                    <CstCompoundOrSimpleTypeExpr>
                        <CstQualifiedIdentifier>
                            <CstIdentifier>var</CstIdentifier>
                        </CstQualifiedIdentifier>
                    </CstCompoundOrSimpleTypeExpr>
                    <CstArrayRankSpecifiers>
                    </CstArrayRankSpecifiers>
                    <CstTypeExpr>
                        <CstInnerTypeExpr>
                        </CstInnerTypeExpr>
                    </CstTypeExpr>
                    <CstIdentifier>xs</CstIdentifier>
                </CstVarDecl>
                <CstInitialization>
                    <CstInitializationValue>
                        <CstExpression>
                            <CstLeafExpression>
                                <CstNewOperation>
                                    <CstQualifiedIdentifier>
                                    </CstQualifiedIdentifier>
                                    <CstCompoundOrSimpleTypeExpr>
                                    </CstCompoundOrSimpleTypeExpr>
                                    <CstTypeExpr>
                                        <CstInnerTypeExpr>
                                            <CstArrayRankSpecifiers>
                                                <CstArrayRankSpecifier>[] </CstArrayRankSpecifier>
                                            </CstArrayRankSpecifiers>
                                        </CstInnerTypeExpr>
                                    </CstTypeExpr>
                                    <CstInitializer>
                                        <CstInitializerClause>
                                            <CstExpression>
                                                <CstLeafExpression>
                                                    <CstLiteral>
                                                        <CstIntegerLiteral>1</CstIntegerLiteral>
                                                    </CstLiteral>
                                                </CstLeafExpression>
                                            </CstExpression>
                                        </CstInitializerClause>
                                        <CstInitializerClause>
                                            <CstExpression>
                                                <CstLeafExpression>
                                                    <CstLiteral>
                                                        <CstIntegerLiteral>2</CstIntegerLiteral>
                                                    </CstLiteral>
                                                </CstLeafExpression>
                                            </CstExpression>
                                        </CstInitializerClause>
                                        <CstInitializerClause>
                                            <CstExpression>
                                                <CstLeafExpression>
                                                    <CstLiteral>
                                                        <CstIntegerLiteral>3</CstIntegerLiteral>
                                                    </CstLiteral>
                                                </CstLeafExpression>
                                            </CstExpression>
                                        </CstInitializerClause>
                                        <CstInitializerClause>
                                            <CstExpression>
                                                <CstLeafExpression>
                                                    <CstLiteral>
                                                        <CstIntegerLiteral>4</CstIntegerLiteral>
                                                    </CstLiteral>
                                                </CstLeafExpression>
                                            </CstExpression>
                                        </CstInitializerClause>
                                    </CstInitializer>
                                </CstNewOperation>
                            </CstLeafExpression>
                        </CstExpression>
                    </CstInitializationValue>
                </CstInitialization>
            </CstVarDeclStatement>
        </CstStatement>
    </CstTypeDirectiveOrStatement>
    <CstTypeDirectiveOrStatement>
        <CstStatement>
            <CstVarDeclStatement>
                <CstVarDecl>
                    <CstCompoundOrSimpleTypeExpr>
                        <CstQualifiedIdentifier>
                            <CstIdentifier>var</CstIdentifier>
                        </CstQualifiedIdentifier>
                    </CstCompoundOrSimpleTypeExpr>
                    <CstArrayRankSpecifiers>
                    </CstArrayRankSpecifiers>
                    <CstTypeExpr>
                        <CstInnerTypeExpr>
                        </CstInnerTypeExpr>
                    </CstTypeExpr>
                    <CstIdentifier>s</CstIdentifier>
                </CstVarDecl>
                <CstInitialization>
                    <CstInitializationValue>
                        <CstExpression>
                            <CstLeafExpression>
                                <CstLiteral>
                                    <CstStringLiteral>""</CstStringLiteral>
                                </CstLiteral>
                            </CstLeafExpression>
                        </CstExpression>
                    </CstInitializationValue>
                </CstInitialization>
            </CstVarDeclStatement>
        </CstStatement>
    </CstTypeDirectiveOrStatement>
    <CstTypeDirectiveOrStatement>
        <CstStatement>
            <CstForStatement>
                <CstForLoopInit>
                    <CstVarDecl>
                        <CstCompoundOrSimpleTypeExpr>
                            <CstQualifiedIdentifier>
                                <CstIdentifier>var</CstIdentifier>
                            </CstQualifiedIdentifier>
                        </CstCompoundOrSimpleTypeExpr>
                        <CstArrayRankSpecifiers>
                        </CstArrayRankSpecifiers>
                        <CstTypeExpr>
                            <CstInnerTypeExpr>
                            </CstInnerTypeExpr>
                        </CstTypeExpr>
                        <CstIdentifier>i</CstIdentifier>
                    </CstVarDecl>
                    <CstInitialization>
                        <CstInitializationValue>
                            <CstExpression>
                                <CstLeafExpression>
                                    <CstLiteral>
                                        <CstIntegerLiteral>0</CstIntegerLiteral>
                                    </CstLiteral>
                                </CstLeafExpression>
                            </CstExpression>
                        </CstInitializationValue>
                    </CstInitialization>
                </CstForLoopInit>
                <CstForLoopInvariant>
                    <CstExpression>
                        <CstLeafExpression>
                            <CstIdentifier>i</CstIdentifier>
                        </CstLeafExpression>
                        <CstPostfixOperator>
                            <CstBinaryOperation>
                                <CstBinaryOperator>< </CstBinaryOperator>
                                <CstExpression>
                                    <CstLeafExpression>
                                        <CstIdentifier>xs</CstIdentifier>
                                    </CstLeafExpression>
                                    <CstPostfixOperator>
                                        <CstMemberAccess>
                                            <CstIdentifier>Count</CstIdentifier>
                                        </CstMemberAccess>
                                    </CstPostfixOperator>
                                </CstExpression>
                            </CstBinaryOperation>
                        </CstPostfixOperator>
                    </CstExpression>
                </CstForLoopInvariant>
                <CstForLoopVariant>
                    <CstExpression>
                        <CstPrefixOperator>++</CstPrefixOperator>
                        <CstLeafExpression>
                            <CstIdentifier>i</CstIdentifier>
                        </CstLeafExpression>
                    </CstExpression>
                </CstForLoopVariant>
                <CstStatement>
                    <CstCompoundStatement>
                        <CstStatement>
                            <CstIfStatement>
                                <CstParenthesizedExpression>
                                    <CstExpression>
                                        <CstLeafExpression>
                                            <CstIdentifier>i</CstIdentifier>
                                        </CstLeafExpression>
                                        <CstPostfixOperator>
                                            <CstBinaryOperation>
                                                <CstBinaryOperator>> </CstBinaryOperator>
                                                <CstExpression>
                                                    <CstLeafExpression>
                                                        <CstLiteral>
                                                            <CstIntegerLiteral>0</CstIntegerLiteral>
                                                        </CstLiteral>
                                                    </CstLeafExpression>
                                                </CstExpression>
                                            </CstBinaryOperation>
                                        </CstPostfixOperator>
                                    </CstExpression>
                                </CstParenthesizedExpression>
                                <CstStatement>
                                    <CstExpressionStatement>
                                        <CstExpression>
                                            <CstLeafExpression>
                                                <CstIdentifier>s</CstIdentifier>
                                            </CstLeafExpression>
                                            <CstPostfixOperator>
                                                <CstBinaryOperation>
                                                    <CstBinaryOperator>+= </CstBinaryOperator>
                                                    <CstExpression>
                                                        <CstLeafExpression>
                                                            <CstLiteral>
                                                                <CstStringLiteral>", "</CstStringLiteral>
                                                            </CstLiteral>
                                                        </CstLeafExpression>
                                                    </CstExpression>
                                                </CstBinaryOperation>
                                            </CstPostfixOperator>
                                        </CstExpression>
                                    </CstExpressionStatement>
                                </CstStatement>
                            </CstIfStatement>
                        </CstStatement>
                        <CstStatement>
                            <CstExpressionStatement>
                                <CstExpression>
                                    <CstLeafExpression>
                                        <CstIdentifier>s</CstIdentifier>
                                    </CstLeafExpression>
                                    <CstPostfixOperator>
                                        <CstBinaryOperation>
                                            <CstBinaryOperator>+= </CstBinaryOperator>
                                            <CstExpression>
                                                <CstLeafExpression>
                                                    <CstIdentifier>xs</CstIdentifier>
                                                </CstLeafExpression>
                                                <CstPostfixOperator>
                                                    <CstIndexer>
                                                        <CstExpression>
                                                            <CstLeafExpression>
                                                                <CstIdentifier>i</CstIdentifier>
                                                            </CstLeafExpression>
                                                        </CstExpression>
                                                    </CstIndexer>
                                                </CstPostfixOperator>
                                                <CstPostfixOperator>
                                                    <CstMemberAccess>
                                                        <CstIdentifier>ToString</CstIdentifier>
                                                    </CstMemberAccess>
                                                </CstPostfixOperator>
                                                <CstPostfixOperator>
                                                    <CstFunctionArgs>
                                                    </CstFunctionArgs>
                                                </CstPostfixOperator>
                                            </CstExpression>
                                        </CstBinaryOperation>
                                    </CstPostfixOperator>
                                </CstExpression>
                            </CstExpressionStatement>
                        </CstStatement>
                    </CstCompoundStatement>
                </CstStatement>
            </CstForStatement>
        </CstStatement>
    </CstTypeDirectiveOrStatement>
    <CstTypeDirectiveOrStatement>
        <CstStatement>
            <CstExpressionStatement>
                <CstExpression>
                    <CstLeafExpression>
                        <CstIdentifier>Print</CstIdentifier>
                    </CstLeafExpression>
                    <CstPostfixOperator>
                        <CstFunctionArgs>
                            <CstFunctionArg>
                                <CstExpression>
                                    <CstLeafExpression>
                                        <CstIdentifier>s</CstIdentifier>
                                    </CstLeafExpression>
                                </CstExpression>
                            </CstFunctionArg>
                        </CstFunctionArgs>
                    </CstPostfixOperator>
                </CstExpression>
            </CstExpressionStatement>
        </CstStatement>
    </CstTypeDirectiveOrStatement>
</CstScript>
