<CstScript>
    <CstTypeDirectiveOrStatement>
        <CstTypeDeclarationWithPreamble>
            <CstTypeAnnotation>
                <CstKind>class </CstKind>
                <CstIdentifier>Razzle</CstIdentifier>
                <CstTypeParameterList>
                </CstTypeParameterList>
                <CstBaseClassList>
                </CstBaseClassList>
                <CstConstraintList>
                </CstConstraintList>
                <CstAttributeList>
                </CstAttributeList>
                <CstDeclarationPreamble>
                </CstDeclarationPreamble>
                <CstMemberDeclaration>
                    <CstConstructorDeclaration>
                        <CstIdentifier>Razzle</CstIdentifier>
                        <CstFunctionParameterList>
                        </CstFunctionParameterList>
                        <CstBaseOrThisCall>
                        </CstBaseOrThisCall>
                        <CstFunctionBody>
                            <CstCompoundStatement>
                                <CstStatement>
                                    <CstExpressionStatement>
                                        <CstExpression>
                                            <CstLeafExpression>
                                                <CstIdentifier>X</CstIdentifier>
                                            </CstLeafExpression>
                                            <CstPostfixOperator>
                                                <CstBinaryOperation>
                                                    <CstBinaryOperator>= </CstBinaryOperator>
                                                    <CstExpression>
                                                        <CstLeafExpression>
                                                            <CstLiteral>
                                                                <CstIntegerLiteral>1</CstIntegerLiteral>
                                                            </CstLiteral>
                                                        </CstLeafExpression>
                                                    </CstExpression>
                                                </CstBinaryOperation>
                                            </CstPostfixOperator>
                                        </CstExpression>
                                    </CstExpressionStatement>
                                </CstStatement>
                            </CstCompoundStatement>
                        </CstFunctionBody>
                    </CstConstructorDeclaration>
                </CstMemberDeclaration>
                <CstAttributeList>
                </CstAttributeList>
                <CstDeclarationPreamble>
                </CstDeclarationPreamble>
                <CstMemberDeclaration>
                    <CstFieldDeclaration>
                        <CstCompoundOrSimpleTypeExpr>
                            <CstQualifiedIdentifier>
                                <CstIdentifier>int</CstIdentifier>
                            </CstQualifiedIdentifier>
                        </CstCompoundOrSimpleTypeExpr>
                        <CstArrayRankSpecifiers>
                        </CstArrayRankSpecifiers>
                        <CstTypeExpr>
                            <CstInnerTypeExpr>
                            </CstInnerTypeExpr>
                        </CstTypeExpr>
                        <CstIdentifier>X</CstIdentifier>
                        <CstInitialization>
                        </CstInitialization>
                    </CstFieldDeclaration>
                </CstMemberDeclaration>
                <CstAttributeList>
                </CstAttributeList>
                <CstDeclarationPreamble>
                </CstDeclarationPreamble>
                <CstMemberDeclaration>
                    <CstMethodDeclaration>
                        <CstCompoundOrSimpleTypeExpr>
                            <CstQualifiedIdentifier>
                                <CstIdentifier>int</CstIdentifier>
                            </CstQualifiedIdentifier>
                        </CstCompoundOrSimpleTypeExpr>
                        <CstArrayRankSpecifiers>
                        </CstArrayRankSpecifiers>
                        <CstTypeExpr>
                            <CstInnerTypeExpr>
                            </CstInnerTypeExpr>
                        </CstTypeExpr>
                        <CstIdentifier>Dazzle</CstIdentifier>
                        <CstFunctionParameterList>
                            <CstAttributeList>
                            </CstAttributeList>
                            <CstFunctionParameterKeywords></CstFunctionParameterKeywords>
                            <CstCompoundOrSimpleTypeExpr>
                                <CstQualifiedIdentifier>
                                    <CstIdentifier>int</CstIdentifier>
                                </CstQualifiedIdentifier>
                            </CstCompoundOrSimpleTypeExpr>
                            <CstArrayRankSpecifiers>
                            </CstArrayRankSpecifiers>
                            <CstTypeExpr>
                                <CstInnerTypeExpr>
                                </CstInnerTypeExpr>
                            </CstTypeExpr>
                            <CstIdentifier>Y</CstIdentifier>
                            <CstFunctionParameterDefaultValue>
                            </CstFunctionParameterDefaultValue>
                            <CstFunctionParameter>
                            </CstFunctionParameter>
                        </CstFunctionParameterList>
                        <CstFunctionBody>
                            <CstCompoundStatement>
                                <CstStatement>
                                    <CstReturnStatement>
                                        <CstExpression>
                                            <CstLeafExpression>
                                                <CstIdentifier>X</CstIdentifier>
                                            </CstLeafExpression>
                                            <CstPostfixOperator>
                                                <CstBinaryOperation>
                                                    <CstBinaryOperator>= </CstBinaryOperator>
                                                    <CstExpression>
                                                        <CstLeafExpression>
                                                            <CstIdentifier>X</CstIdentifier>
                                                        </CstLeafExpression>
                                                        <CstPostfixOperator>
                                                            <CstBinaryOperation>
                                                                <CstBinaryOperator>+ </CstBinaryOperator>
                                                                <CstExpression>
                                                                    <CstLeafExpression>
                                                                        <CstIdentifier>Y</CstIdentifier>
                                                                    </CstLeafExpression>
                                                                </CstExpression>
                                                            </CstBinaryOperation>
                                                        </CstPostfixOperator>
                                                    </CstExpression>
                                                </CstBinaryOperation>
                                            </CstPostfixOperator>
                                        </CstExpression>
                                    </CstReturnStatement>
                                </CstStatement>
                            </CstCompoundStatement>
                        </CstFunctionBody>
                    </CstMethodDeclaration>
                </CstMemberDeclaration>
            </CstTypeAnnotation>
        </CstTypeDeclarationWithPreamble>
    </CstTypeDirectiveOrStatement>
    <CstTypeDirectiveOrStatement>
        <CstStatement>
            <CstVarDeclStatement>
                <CstVarDecl>
                    <CstCompoundOrSimpleTypeExpr>
                        <CstQualifiedIdentifier>
                            <CstIdentifier>var</CstIdentifier>
                        </CstQualifiedIdentifier>
                    </CstCompoundOrSimpleTypeExpr>
                    <CstArrayRankSpecifiers>
                    </CstArrayRankSpecifiers>
                    <CstTypeExpr>
                        <CstInnerTypeExpr>
                        </CstInnerTypeExpr>
                    </CstTypeExpr>
                    <CstIdentifier>r</CstIdentifier>
                </CstVarDecl>
                <CstInitialization>
                    <CstInitializationValue>
                        <CstExpression>
                            <CstLeafExpression>
                                <CstNewOperation>
                                    <CstCompoundOrSimpleTypeExpr>
                                        <CstQualifiedIdentifier>
                                            <CstIdentifier>Razzle</CstIdentifier>
                                        </CstQualifiedIdentifier>
                                    </CstCompoundOrSimpleTypeExpr>
                                    <CstArrayRankSpecifiers>
                                    </CstArrayRankSpecifiers>
                                    <CstTypeExpr>
                                        <CstInnerTypeExpr>
                                        </CstInnerTypeExpr>
                                    </CstTypeExpr>
                                    <CstFunctionArgs>
                                    </CstFunctionArgs>
                                </CstNewOperation>
                            </CstLeafExpression>
                        </CstExpression>
                    </CstInitializationValue>
                </CstInitialization>
            </CstVarDeclStatement>
        </CstStatement>
    </CstTypeDirectiveOrStatement>
    <CstTypeDirectiveOrStatement>
        <CstStatement>
            <CstExpressionStatement>
                <CstExpression>
                    <CstLeafExpression>
                        <CstIdentifier>Print</CstIdentifier>
                    </CstLeafExpression>
                    <CstPostfixOperator>
                        <CstFunctionArgs>
                            <CstFunctionArg>
                                <CstExpression>
                                    <CstLeafExpression>
                                        <CstIdentifier>r</CstIdentifier>
                                    </CstLeafExpression>
                                    <CstPostfixOperator>
                                        <CstMemberAccess>
                                            <CstIdentifier>X</CstIdentifier>
                                        </CstMemberAccess>
                                    </CstPostfixOperator>
                                    <CstPostfixOperator>
                                        <CstMemberAccess>
                                            <CstIdentifier>ToString</CstIdentifier>
                                        </CstMemberAccess>
                                    </CstPostfixOperator>
                                    <CstPostfixOperator>
                                        <CstFunctionArgs>
                                        </CstFunctionArgs>
                                    </CstPostfixOperator>
                                </CstExpression>
                            </CstFunctionArg>
                        </CstFunctionArgs>
                    </CstPostfixOperator>
                </CstExpression>
            </CstExpressionStatement>
        </CstStatement>
    </CstTypeDirectiveOrStatement>
    <CstTypeDirectiveOrStatement>
        <CstStatement>
            <CstExpressionStatement>
                <CstExpression>
                    <CstLeafExpression>
                        <CstIdentifier>Print</CstIdentifier>
                    </CstLeafExpression>
                    <CstPostfixOperator>
                        <CstFunctionArgs>
                            <CstFunctionArg>
                                <CstExpression>
                                    <CstLeafExpression>
                                        <CstIdentifier>r</CstIdentifier>
                                    </CstLeafExpression>
                                    <CstPostfixOperator>
                                        <CstMemberAccess>
                                            <CstIdentifier>Dazzle</CstIdentifier>
                                        </CstMemberAccess>
                                    </CstPostfixOperator>
                                    <CstPostfixOperator>
                                        <CstFunctionArgs>
                                            <CstFunctionArg>
                                                <CstExpression>
                                                    <CstLeafExpression>
                                                        <CstLiteral>
                                                            <CstIntegerLiteral>1</CstIntegerLiteral>
                                                        </CstLiteral>
                                                    </CstLeafExpression>
                                                </CstExpression>
                                            </CstFunctionArg>
                                        </CstFunctionArgs>
                                    </CstPostfixOperator>
                                    <CstPostfixOperator>
                                        <CstMemberAccess>
                                            <CstIdentifier>ToString</CstIdentifier>
                                        </CstMemberAccess>
                                    </CstPostfixOperator>
                                    <CstPostfixOperator>
                                        <CstFunctionArgs>
                                        </CstFunctionArgs>
                                    </CstPostfixOperator>
                                </CstExpression>
                            </CstFunctionArg>
                        </CstFunctionArgs>
                    </CstPostfixOperator>
                </CstExpression>
            </CstExpressionStatement>
        </CstStatement>
    </CstTypeDirectiveOrStatement>
    <CstTypeDirectiveOrStatement>
        <CstStatement>
            <CstExpressionStatement>
                <CstExpression>
                    <CstLeafExpression>
                        <CstIdentifier>Print</CstIdentifier>
                    </CstLeafExpression>
                    <CstPostfixOperator>
                        <CstFunctionArgs>
                            <CstFunctionArg>
                                <CstExpression>
                                    <CstLeafExpression>
                                        <CstIdentifier>r</CstIdentifier>
                                    </CstLeafExpression>
                                    <CstPostfixOperator>
                                        <CstMemberAccess>
                                            <CstIdentifier>Dazzle</CstIdentifier>
                                        </CstMemberAccess>
                                    </CstPostfixOperator>
                                    <CstPostfixOperator>
                                        <CstFunctionArgs>
                                            <CstFunctionArg>
                                                <CstExpression>
                                                    <CstLeafExpression>
                                                        <CstLiteral>
                                                            <CstIntegerLiteral>2</CstIntegerLiteral>
                                                        </CstLiteral>
                                                    </CstLeafExpression>
                                                </CstExpression>
                                            </CstFunctionArg>
                                        </CstFunctionArgs>
                                    </CstPostfixOperator>
                                    <CstPostfixOperator>
                                        <CstMemberAccess>
                                            <CstIdentifier>ToString</CstIdentifier>
                                        </CstMemberAccess>
                                    </CstPostfixOperator>
                                    <CstPostfixOperator>
                                        <CstFunctionArgs>
                                        </CstFunctionArgs>
                                    </CstPostfixOperator>
                                </CstExpression>
                            </CstFunctionArg>
                        </CstFunctionArgs>
                    </CstPostfixOperator>
                </CstExpression>
            </CstExpressionStatement>
        </CstStatement>
    </CstTypeDirectiveOrStatement>
    <CstTypeDirectiveOrStatement>
        <CstStatement>
            <CstExpressionStatement>
                <CstExpression>
                    <CstLeafExpression>
                        <CstIdentifier>Print</CstIdentifier>
                    </CstLeafExpression>
                    <CstPostfixOperator>
                        <CstFunctionArgs>
                            <CstFunctionArg>
                                <CstExpression>
                                    <CstLeafExpression>
                                        <CstIdentifier>r</CstIdentifier>
                                    </CstLeafExpression>
                                    <CstPostfixOperator>
                                        <CstMemberAccess>
                                            <CstIdentifier>Dazzle</CstIdentifier>
                                        </CstMemberAccess>
                                    </CstPostfixOperator>
                                    <CstPostfixOperator>
                                        <CstFunctionArgs>
                                            <CstFunctionArg>
                                                <CstExpression>
                                                    <CstLeafExpression>
                                                        <CstLiteral>
                                                            <CstIntegerLiteral>3</CstIntegerLiteral>
                                                        </CstLiteral>
                                                    </CstLeafExpression>
                                                </CstExpression>
                                            </CstFunctionArg>
                                        </CstFunctionArgs>
                                    </CstPostfixOperator>
                                    <CstPostfixOperator>
                                        <CstMemberAccess>
                                            <CstIdentifier>ToString</CstIdentifier>
                                        </CstMemberAccess>
                                    </CstPostfixOperator>
                                    <CstPostfixOperator>
                                        <CstFunctionArgs>
                                        </CstFunctionArgs>
                                    </CstPostfixOperator>
                                </CstExpression>
                            </CstFunctionArg>
                        </CstFunctionArgs>
                    </CstPostfixOperator>
                </CstExpression>
            </CstExpressionStatement>
        </CstStatement>
    </CstTypeDirectiveOrStatement>
</CstScript>
