<AstMulti>
    <AstError>Parakeet.Demos.CSharp.CstTypeDeclarationWithPreamble is not implemented</AstError>
    <AstVarDef>
        <AstIdentifier>r</AstIdentifier>
        <AstNoop></AstNoop>
    </AstVarDef>
    <AstError>Parakeet.CstFilter`1[Parakeet.Demos.CSharp.CstExpression] had no case statement</AstError>
    <AstError>Parakeet.CstFilter`1[Parakeet.Demos.CSharp.CstExpression] had no case statement</AstError>
    <AstError>Parakeet.CstFilter`1[Parakeet.Demos.CSharp.CstExpression] had no case statement</AstError>
    <AstError>Parakeet.CstFilter`1[Parakeet.Demos.CSharp.CstExpression] had no case statement</AstError>
</AstMulti>
