<CstScript>
    <CstTypeDirectiveOrStatement>
        <CstStatement>
            <CstVarDeclStatement>
                <CstVarDecl>
                    <CstCompoundOrSimpleTypeExpr>
                        <CstQualifiedIdentifier>
                            <CstIdentifier>var</CstIdentifier>
                        </CstQualifiedIdentifier>
                    </CstCompoundOrSimpleTypeExpr>
                    <CstArrayRankSpecifiers>
                    </CstArrayRankSpecifiers>
                    <CstTypeExpr>
                        <CstInnerTypeExpr>
                        </CstInnerTypeExpr>
                    </CstTypeExpr>
                    <CstIdentifier>k</CstIdentifier>
                </CstVarDecl>
                <CstInitialization>
                    <CstInitializationValue>
                        <CstExpression>
                            <CstLeafExpression>
                                <CstLiteral>
                                    <CstIntegerLiteral>12</CstIntegerLiteral>
                                </CstLiteral>
                            </CstLeafExpression>
                        </CstExpression>
                    </CstInitializationValue>
                </CstInitialization>
            </CstVarDeclStatement>
        </CstStatement>
    </CstTypeDirectiveOrStatement>
    <CstTypeDirectiveOrStatement>
        <CstStatement>
            <CstVarDeclStatement>
                <CstVarDecl>
                    <CstCompoundOrSimpleTypeExpr>
                        <CstQualifiedIdentifier>
                            <CstIdentifier>var</CstIdentifier>
                        </CstQualifiedIdentifier>
                    </CstCompoundOrSimpleTypeExpr>
                    <CstArrayRankSpecifiers>
                    </CstArrayRankSpecifiers>
                    <CstTypeExpr>
                        <CstInnerTypeExpr>
                        </CstInnerTypeExpr>
                    </CstTypeExpr>
                    <CstIdentifier>f</CstIdentifier>
                </CstVarDecl>
                <CstInitialization>
                    <CstInitializationValue>
                        <CstExpression>
                            <CstLeafExpression>
                                <CstLambdaExpr>
                                    <CstLambdaParameters>
                                        <CstLambdaParameter>
                                            <CstIdentifier>X</CstIdentifier>
                                        </CstLambdaParameter>
                                    </CstLambdaParameters>
                                    <CstLambdaBody>
                                        <CstExpression>
                                            <CstLeafExpression>
                                                <CstIdentifier>X</CstIdentifier>
                                            </CstLeafExpression>
                                            <CstPostfixOperator>
                                                <CstBinaryOperation>
                                                    <CstBinaryOperator>+ </CstBinaryOperator>
                                                    <CstExpression>
                                                        <CstLeafExpression>
                                                            <CstIdentifier>k</CstIdentifier>
                                                        </CstLeafExpression>
                                                    </CstExpression>
                                                </CstBinaryOperation>
                                            </CstPostfixOperator>
                                        </CstExpression>
                                    </CstLambdaBody>
                                </CstLambdaExpr>
                            </CstLeafExpression>
                        </CstExpression>
                    </CstInitializationValue>
                </CstInitialization>
            </CstVarDeclStatement>
        </CstStatement>
    </CstTypeDirectiveOrStatement>
    <CstTypeDirectiveOrStatement>
        <CstStatement>
            <CstExpressionStatement>
                <CstExpression>
                    <CstLeafExpression>
                        <CstIdentifier>Print</CstIdentifier>
                    </CstLeafExpression>
                    <CstPostfixOperator>
                        <CstFunctionArgs>
                            <CstFunctionArg>
                                <CstExpression>
                                    <CstLeafExpression>
                                        <CstIdentifier>f</CstIdentifier>
                                    </CstLeafExpression>
                                    <CstPostfixOperator>
                                        <CstFunctionArgs>
                                            <CstFunctionArg>
                                                <CstExpression>
                                                    <CstLeafExpression>
                                                        <CstLiteral>
                                                            <CstIntegerLiteral>5</CstIntegerLiteral>
                                                        </CstLiteral>
                                                    </CstLeafExpression>
                                                </CstExpression>
                                            </CstFunctionArg>
                                        </CstFunctionArgs>
                                    </CstPostfixOperator>
                                    <CstPostfixOperator>
                                        <CstMemberAccess>
                                            <CstIdentifier>ToString</CstIdentifier>
                                        </CstMemberAccess>
                                    </CstPostfixOperator>
                                    <CstPostfixOperator>
                                        <CstFunctionArgs>
                                        </CstFunctionArgs>
                                    </CstPostfixOperator>
                                </CstExpression>
                            </CstFunctionArg>
                        </CstFunctionArgs>
                    </CstPostfixOperator>
                </CstExpression>
            </CstExpressionStatement>
        </CstStatement>
    </CstTypeDirectiveOrStatement>
</CstScript>
